2024/08/07 19:23:48 [notice] 1#1: using the "epoll" event method
2024/08/07 19:23:48 [notice] 1#1: nginx/1.27.0
2024/08/07 19:23:48 [notice] 1#1: built by gcc 13.2.1 20231014 (Alpine 13.2.1_git20231014) 
2024/08/07 19:23:48 [notice] 1#1: OS: Linux 6.6.12-linuxkit
2024/08/07 19:23:48 [notice] 1#1: getrlimit(RLIMIT_NOFILE): 1048576:1048576
2024/08/07 19:23:48 [notice] 1#1: start worker processes
2024/08/07 19:23:48 [notice] 1#1: start worker process 29
2024/08/07 19:23:48 [notice] 1#1: start worker process 30
2024/08/07 19:23:48 [notice] 1#1: start worker process 31
2024/08/07 19:23:48 [notice] 1#1: start worker process 32
2024/08/07 19:57:16 [notice] 1#1: signal 3 (SIGQUIT) received, shutting down
2024/08/07 19:57:16 [notice] 29#29: gracefully shutting down
2024/08/07 19:57:16 [notice] 29#29: exiting
2024/08/07 19:57:16 [notice] 30#30: gracefully shutting down
2024/08/07 19:57:16 [notice] 30#30: exiting
2024/08/07 19:57:16 [notice] 31#31: gracefully shutting down
2024/08/07 19:57:16 [notice] 31#31: exiting
2024/08/07 19:57:16 [notice] 32#32: gracefully shutting down
2024/08/07 19:57:16 [notice] 29#29: exit
2024/08/07 19:57:16 [notice] 31#31: exit
2024/08/07 19:57:16 [notice] 30#30: exit
2024/08/07 19:57:16 [notice] 32#32: exiting
2024/08/07 19:57:16 [notice] 32#32: exit
2024/08/07 19:57:16 [notice] 1#1: signal 17 (SIGCHLD) received from 30
2024/08/07 19:57:16 [notice] 1#1: worker process 30 exited with code 0
2024/08/07 19:57:16 [notice] 1#1: signal 29 (SIGIO) received
2024/08/07 19:57:16 [notice] 1#1: signal 17 (SIGCHLD) received from 29
2024/08/07 19:57:16 [notice] 1#1: worker process 29 exited with code 0
2024/08/07 19:57:16 [notice] 1#1: worker process 31 exited with code 0
2024/08/07 19:57:16 [notice] 1#1: signal 29 (SIGIO) received
2024/08/07 19:57:16 [notice] 1#1: signal 17 (SIGCHLD) received from 32
2024/08/07 19:57:16 [notice] 1#1: worker process 32 exited with code 0
2024/08/07 19:57:16 [notice] 1#1: exit
2024/08/07 20:00:47 [notice] 1#1: using the "epoll" event method
2024/08/07 20:00:47 [notice] 1#1: nginx/1.27.0
2024/08/07 20:00:47 [notice] 1#1: built by gcc 13.2.1 20231014 (Alpine 13.2.1_git20231014) 
2024/08/07 20:00:47 [notice] 1#1: OS: Linux 6.6.12-linuxkit
2024/08/07 20:00:47 [notice] 1#1: getrlimit(RLIMIT_NOFILE): 1048576:1048576
2024/08/07 20:00:47 [notice] 1#1: start worker processes
2024/08/07 20:00:47 [notice] 1#1: start worker process 29
2024/08/07 20:00:47 [notice] 1#1: start worker process 30
2024/08/07 20:00:47 [notice] 1#1: start worker process 31
2024/08/07 20:00:47 [notice] 1#1: start worker process 32
2024/08/07 20:31:29 [notice] 1#1: signal 3 (SIGQUIT) received, shutting down
2024/08/07 20:31:29 [notice] 29#29: gracefully shutting down
2024/08/07 20:31:29 [notice] 32#32: gracefully shutting down
2024/08/07 20:31:29 [notice] 31#31: gracefully shutting down
2024/08/07 20:31:29 [notice] 30#30: gracefully shutting down
2024/08/07 20:31:29 [notice] 32#32: exiting
2024/08/07 20:31:29 [notice] 31#31: exiting
2024/08/07 20:31:29 [notice] 30#30: exiting
2024/08/07 20:31:29 [notice] 31#31: exit
2024/08/07 20:31:29 [notice] 30#30: exit
2024/08/07 20:31:29 [notice] 32#32: exit
2024/08/07 20:31:29 [notice] 1#1: signal 17 (SIGCHLD) received from 32
2024/08/07 20:31:29 [notice] 1#1: worker process 30 exited with code 0
2024/08/07 20:31:29 [notice] 1#1: worker process 31 exited with code 0
2024/08/07 20:31:29 [notice] 1#1: worker process 32 exited with code 0
2024/08/07 20:31:29 [notice] 1#1: signal 29 (SIGIO) received
2024/08/07 20:31:29 [notice] 1#1: signal 17 (SIGCHLD) received from 31
2024/08/07 20:53:56 [notice] 1#1: using the "epoll" event method
2024/08/07 20:53:56 [notice] 1#1: nginx/1.27.0
2024/08/07 20:53:56 [notice] 1#1: built by gcc 13.2.1 20231014 (Alpine 13.2.1_git20231014) 
2024/08/07 20:53:56 [notice] 1#1: OS: Linux 6.5.0-44-generic
2024/08/07 20:53:56 [notice] 1#1: getrlimit(RLIMIT_NOFILE): 1048576:1048576
2024/08/07 20:53:56 [notice] 1#1: start worker processes
2024/08/07 20:53:56 [notice] 1#1: start worker process 29
2024/08/07 20:53:56 [notice] 1#1: start worker process 30
2024/08/07 20:53:56 [notice] 1#1: start worker process 31
2024/08/07 20:53:56 [notice] 1#1: start worker process 32
2024/08/07 20:54:19 [warn] 29#29: *1 an upstream response is buffered to a temporary file /var/cache/nginx/fastcgi_temp/1/00/0000000001 while reading upstream, client: 172.25.0.1, server: , request: "GET / HTTP/1.1", upstream: "fastcgi://172.25.0.3:9000", host: "localhost:8080"
2024/08/07 20:54:21 [warn] 29#29: *1 an upstream response is buffered to a temporary file /var/cache/nginx/fastcgi_temp/2/00/0000000002 while reading upstream, client: 172.25.0.1, server: , request: "GET / HTTP/1.1", upstream: "fastcgi://172.25.0.3:9000", host: "localhost:8080"
2024/08/07 21:07:47 [notice] 1#1: signal 3 (SIGQUIT) received, shutting down
2024/08/07 21:07:47 [notice] 30#30: gracefully shutting down
2024/08/07 21:07:47 [notice] 30#30: exiting
2024/08/07 21:07:47 [notice] 31#31: gracefully shutting down
2024/08/07 21:07:47 [notice] 31#31: exiting
2024/08/07 21:07:47 [notice] 30#30: exit
2024/08/07 21:07:47 [notice] 31#31: exit
2024/08/07 21:07:47 [notice] 32#32: gracefully shutting down
2024/08/07 21:07:47 [notice] 32#32: exiting
2024/08/07 21:07:47 [notice] 32#32: exit
2024/08/07 21:07:47 [notice] 29#29: gracefully shutting down
2024/08/07 21:07:47 [notice] 29#29: exiting
2024/08/07 21:07:47 [notice] 29#29: exit
2024/08/07 21:07:47 [notice] 1#1: signal 17 (SIGCHLD) received from 31
2024/08/07 21:07:47 [notice] 1#1: worker process 31 exited with code 0
2024/08/07 21:07:47 [notice] 1#1: signal 29 (SIGIO) received
2024/08/07 21:07:47 [notice] 1#1: signal 17 (SIGCHLD) received from 32
2024/08/07 21:07:47 [notice] 1#1: worker process 32 exited with code 0
2024/08/07 21:07:47 [notice] 1#1: worker process 30 exited with code 0
2024/08/07 21:07:47 [notice] 1#1: signal 29 (SIGIO) received
2024/08/07 21:07:47 [notice] 1#1: signal 17 (SIGCHLD) received from 30
2024/08/07 21:07:47 [notice] 1#1: signal 17 (SIGCHLD) received from 29
2024/08/07 21:07:47 [notice] 1#1: worker process 29 exited with code 0
2024/08/07 21:07:47 [notice] 1#1: exit
2024/08/07 21:13:20 [notice] 1#1: using the "epoll" event method
2024/08/07 21:13:20 [notice] 1#1: nginx/1.27.0
2024/08/07 21:13:20 [notice] 1#1: built by gcc 13.2.1 20231014 (Alpine 13.2.1_git20231014) 
2024/08/07 21:13:20 [notice] 1#1: OS: Linux 6.5.0-44-generic
2024/08/07 21:13:20 [notice] 1#1: getrlimit(RLIMIT_NOFILE): 1048576:1048576
2024/08/07 21:13:20 [notice] 1#1: start worker processes
2024/08/07 21:13:20 [notice] 1#1: start worker process 29
2024/08/07 21:13:20 [notice] 1#1: start worker process 30
2024/08/07 21:13:20 [notice] 1#1: start worker process 31
2024/08/07 21:13:20 [notice] 1#1: start worker process 32
2024/08/07 21:19:00 [notice] 1#1: signal 3 (SIGQUIT) received, shutting down
2024/08/07 21:19:00 [notice] 31#31: gracefully shutting down
2024/08/07 21:19:00 [notice] 31#31: exiting
2024/08/07 21:19:00 [notice] 29#29: gracefully shutting down
2024/08/07 21:19:00 [notice] 29#29: exiting
2024/08/07 21:19:00 [notice] 29#29: exit
2024/08/07 21:19:00 [notice] 31#31: exit
2024/08/07 21:19:00 [notice] 30#30: gracefully shutting down
2024/08/07 21:19:00 [notice] 30#30: exiting
2024/08/07 21:19:00 [notice] 30#30: exit
2024/08/07 21:19:00 [notice] 32#32: gracefully shutting down
2024/08/07 21:19:00 [notice] 32#32: exiting
2024/08/07 21:19:00 [notice] 32#32: exit
2024/08/07 21:19:00 [notice] 1#1: signal 17 (SIGCHLD) received from 31
2024/08/07 21:19:00 [notice] 1#1: worker process 31 exited with code 0
2024/08/07 21:19:00 [notice] 1#1: signal 29 (SIGIO) received
2024/08/07 21:19:00 [notice] 1#1: signal 17 (SIGCHLD) received from 30
2024/08/07 21:19:00 [notice] 1#1: worker process 30 exited with code 0
2024/08/07 21:19:00 [notice] 1#1: signal 29 (SIGIO) received
2024/08/07 21:19:00 [notice] 1#1: signal 17 (SIGCHLD) received from 29
2024/08/07 21:19:00 [notice] 1#1: worker process 29 exited with code 0
2024/08/07 21:19:00 [notice] 1#1: signal 29 (SIGIO) received
2024/08/07 21:19:00 [notice] 1#1: signal 17 (SIGCHLD) received from 32
2024/08/07 21:19:00 [notice] 1#1: worker process 32 exited with code 0
2024/08/07 21:19:00 [notice] 1#1: exit
2024/08/07 21:20:05 [notice] 1#1: using the "epoll" event method
2024/08/07 21:20:05 [notice] 1#1: nginx/1.27.0
2024/08/07 21:20:05 [notice] 1#1: built by gcc 13.2.1 20231014 (Alpine 13.2.1_git20231014) 
2024/08/07 21:20:05 [notice] 1#1: OS: Linux 6.5.0-44-generic
2024/08/07 21:20:05 [notice] 1#1: getrlimit(RLIMIT_NOFILE): 1048576:1048576
2024/08/07 21:20:05 [notice] 1#1: start worker processes
2024/08/07 21:20:05 [notice] 1#1: start worker process 28
2024/08/07 21:20:05 [notice] 1#1: start worker process 29
2024/08/07 21:20:05 [notice] 1#1: start worker process 30
2024/08/07 21:20:05 [notice] 1#1: start worker process 31
2024/08/07 21:29:22 [notice] 1#1: signal 3 (SIGQUIT) received, shutting down
2024/08/07 21:29:22 [notice] 29#29: gracefully shutting down
2024/08/07 21:29:22 [notice] 29#29: exiting
2024/08/07 21:29:22 [notice] 29#29: exit
2024/08/07 21:29:22 [notice] 31#31: gracefully shutting down
2024/08/07 21:29:22 [notice] 31#31: exiting
2024/08/07 21:29:22 [notice] 31#31: exit
2024/08/07 21:29:22 [notice] 28#28: gracefully shutting down
2024/08/07 21:29:22 [notice] 28#28: exiting
2024/08/07 21:29:22 [notice] 28#28: exit
2024/08/07 21:29:22 [notice] 30#30: gracefully shutting down
2024/08/07 21:29:22 [notice] 30#30: exiting
2024/08/07 21:29:22 [notice] 30#30: exit
2024/08/07 21:29:22 [notice] 1#1: signal 17 (SIGCHLD) received from 29
2024/08/07 21:29:22 [notice] 1#1: worker process 28 exited with code 0
2024/08/07 21:29:22 [notice] 1#1: worker process 29 exited with code 0
2024/08/07 21:29:22 [notice] 1#1: signal 29 (SIGIO) received
2024/08/07 21:29:22 [notice] 1#1: signal 17 (SIGCHLD) received from 28
2024/08/07 21:29:22 [notice] 1#1: signal 17 (SIGCHLD) received from 31
2024/08/07 21:29:22 [notice] 1#1: worker process 31 exited with code 0
2024/08/07 21:29:22 [notice] 1#1: signal 17 (SIGCHLD) received from 30
2024/08/07 21:29:22 [notice] 1#1: worker process 30 exited with code 0
2024/08/07 21:29:22 [notice] 1#1: exit
2024/08/07 22:19:26 [notice] 1#1: using the "epoll" event method
2024/08/07 22:19:26 [notice] 1#1: nginx/1.27.0
2024/08/07 22:19:26 [notice] 1#1: built by gcc 13.2.1 20231014 (Alpine 13.2.1_git20231014) 
2024/08/07 22:19:26 [notice] 1#1: OS: Linux 6.5.0-44-generic
2024/08/07 22:19:26 [notice] 1#1: getrlimit(RLIMIT_NOFILE): 1048576:1048576
2024/08/07 22:19:26 [notice] 1#1: start worker processes
2024/08/07 22:19:26 [notice] 1#1: start worker process 29
2024/08/07 22:19:26 [notice] 1#1: start worker process 30
2024/08/07 22:19:26 [notice] 1#1: start worker process 31
2024/08/07 22:19:26 [notice] 1#1: start worker process 32
2024/08/07 22:51:23 [notice] 1#1: signal 3 (SIGQUIT) received, shutting down
2024/08/07 22:51:23 [notice] 29#29: gracefully shutting down
2024/08/07 22:51:23 [notice] 31#31: gracefully shutting down
2024/08/07 22:51:23 [notice] 29#29: exiting
2024/08/07 22:51:23 [notice] 31#31: exiting
2024/08/07 22:51:23 [notice] 31#31: exit
2024/08/07 22:51:23 [notice] 29#29: exit
2024/08/07 22:51:23 [notice] 32#32: gracefully shutting down
2024/08/07 22:51:23 [notice] 32#32: exiting
2024/08/07 22:51:23 [notice] 32#32: exit
2024/08/07 22:51:23 [notice] 30#30: gracefully shutting down
2024/08/07 22:51:23 [notice] 1#1: signal 17 (SIGCHLD) received from 32
2024/08/07 22:51:23 [notice] 1#1: worker process 32 exited with code 0
2024/08/07 22:51:23 [notice] 1#1: signal 29 (SIGIO) received
2024/08/07 22:51:23 [notice] 1#1: signal 17 (SIGCHLD) received from 29
2024/08/07 22:51:23 [notice] 1#1: worker process 29 exited with code 0
2024/08/07 22:51:23 [notice] 1#1: signal 29 (SIGIO) received
2024/08/07 22:51:23 [notice] 1#1: signal 17 (SIGCHLD) received from 31
2024/08/07 22:51:23 [notice] 1#1: worker process 31 exited with code 0
2024/08/07 22:51:23 [notice] 1#1: signal 29 (SIGIO) received
2024/08/07 22:51:23 [notice] 30#30: exiting
2024/08/07 22:51:23 [notice] 30#30: exit
2024/08/07 22:51:23 [notice] 1#1: signal 17 (SIGCHLD) received from 30
2024/08/07 22:51:23 [notice] 1#1: worker process 30 exited with code 0
2024/08/07 22:51:23 [notice] 1#1: exit
2024/08/07 23:00:59 [notice] 1#1: using the "epoll" event method
2024/08/07 23:00:59 [notice] 1#1: nginx/1.27.0
2024/08/07 23:00:59 [notice] 1#1: built by gcc 13.2.1 20231014 (Alpine 13.2.1_git20231014) 
2024/08/07 23:00:59 [notice] 1#1: OS: Linux 6.5.0-44-generic
2024/08/07 23:00:59 [notice] 1#1: getrlimit(RLIMIT_NOFILE): 1048576:1048576
2024/08/07 23:00:59 [notice] 1#1: start worker processes
2024/08/07 23:00:59 [notice] 1#1: start worker process 29
2024/08/07 23:00:59 [notice] 1#1: start worker process 30
2024/08/07 23:00:59 [notice] 1#1: start worker process 31
2024/08/07 23:00:59 [notice] 1#1: start worker process 32
2024/08/07 23:16:23 [notice] 1#1: signal 3 (SIGQUIT) received, shutting down
2024/08/07 23:16:23 [notice] 29#29: gracefully shutting down
2024/08/07 23:16:23 [notice] 31#31: gracefully shutting down
2024/08/07 23:16:23 [notice] 32#32: gracefully shutting down
2024/08/07 23:16:23 [notice] 29#29: exiting
2024/08/07 23:16:23 [notice] 31#31: exiting
2024/08/07 23:16:23 [notice] 32#32: exiting
2024/08/07 23:16:23 [notice] 31#31: exit
2024/08/07 23:16:23 [notice] 29#29: exit
2024/08/07 23:16:23 [notice] 32#32: exit
2024/08/07 23:16:23 [notice] 30#30: gracefully shutting down
2024/08/07 23:16:23 [notice] 1#1: signal 17 (SIGCHLD) received from 31
2024/08/07 23:16:23 [notice] 1#1: worker process 31 exited with code 0
2024/08/07 23:16:23 [notice] 1#1: signal 29 (SIGIO) received
2024/08/07 23:16:24 [notice] 1#1: signal 17 (SIGCHLD) received from 29
2024/08/07 23:16:24 [notice] 1#1: worker process 29 exited with code 0
2024/08/07 23:16:24 [notice] 1#1: worker process 32 exited with code 0
2024/08/07 23:16:24 [notice] 1#1: signal 29 (SIGIO) received
2024/08/07 23:16:24 [notice] 30#30: exiting
2024/08/07 23:16:24 [notice] 30#30: exit
2024/08/07 23:16:24 [notice] 1#1: signal 17 (SIGCHLD) received from 30
2024/08/07 23:16:24 [notice] 1#1: worker process 30 exited with code 0
2024/08/07 23:16:24 [notice] 1#1: exit
2024/08/07 23:20:11 [notice] 1#1: using the "epoll" event method
2024/08/07 23:20:11 [notice] 1#1: nginx/1.27.0
2024/08/07 23:20:11 [notice] 1#1: built by gcc 13.2.1 20231014 (Alpine 13.2.1_git20231014) 
2024/08/07 23:20:11 [notice] 1#1: OS: Linux 6.5.0-44-generic
2024/08/07 23:20:11 [notice] 1#1: getrlimit(RLIMIT_NOFILE): 1048576:1048576
2024/08/07 23:20:11 [notice] 1#1: start worker processes
2024/08/07 23:20:11 [notice] 1#1: start worker process 29
2024/08/07 23:20:11 [notice] 1#1: start worker process 30
2024/08/07 23:20:11 [notice] 1#1: start worker process 31
2024/08/07 23:20:11 [notice] 1#1: start worker process 32
2024/08/07 23:21:14 [notice] 1#1: signal 3 (SIGQUIT) received, shutting down
2024/08/07 23:21:14 [notice] 29#29: gracefully shutting down
2024/08/07 23:21:14 [notice] 31#31: gracefully shutting down
2024/08/07 23:21:14 [notice] 29#29: exiting
2024/08/07 23:21:14 [notice] 31#31: exiting
2024/08/07 23:21:14 [notice] 29#29: exit
2024/08/07 23:21:14 [notice] 31#31: exit
2024/08/07 23:21:14 [notice] 30#30: gracefully shutting down
2024/08/07 23:21:14 [notice] 30#30: exiting
2024/08/07 23:21:14 [notice] 32#32: gracefully shutting down
2024/08/07 23:21:14 [notice] 32#32: exiting
2024/08/07 23:21:14 [notice] 32#32: exit
2024/08/07 23:21:14 [notice] 30#30: exit
2024/08/07 23:21:14 [notice] 1#1: signal 17 (SIGCHLD) received from 31
2024/08/07 23:21:14 [notice] 1#1: worker process 31 exited with code 0
2024/08/07 23:21:14 [notice] 1#1: signal 29 (SIGIO) received
2024/08/07 23:21:14 [notice] 1#1: signal 17 (SIGCHLD) received from 30
2024/08/07 23:21:14 [notice] 1#1: worker process 30 exited with code 0
2024/08/07 23:21:14 [notice] 1#1: signal 29 (SIGIO) received
2024/08/07 23:21:14 [notice] 1#1: signal 17 (SIGCHLD) received from 32
2024/08/07 23:21:14 [notice] 1#1: worker process 32 exited with code 0
2024/08/07 23:21:14 [notice] 1#1: signal 29 (SIGIO) received
2024/08/07 23:21:14 [notice] 1#1: signal 17 (SIGCHLD) received from 29
2024/08/07 23:21:14 [notice] 1#1: worker process 29 exited with code 0
2024/08/07 23:21:14 [notice] 1#1: exit
2024/08/07 23:22:25 [notice] 1#1: using the "epoll" event method
2024/08/07 23:22:25 [notice] 1#1: nginx/1.27.0
2024/08/07 23:22:25 [notice] 1#1: built by gcc 13.2.1 20231014 (Alpine 13.2.1_git20231014) 
2024/08/07 23:22:25 [notice] 1#1: OS: Linux 6.5.0-44-generic
2024/08/07 23:22:25 [notice] 1#1: getrlimit(RLIMIT_NOFILE): 1048576:1048576
2024/08/07 23:22:25 [notice] 1#1: start worker processes
2024/08/07 23:22:25 [notice] 1#1: start worker process 29
2024/08/07 23:22:25 [notice] 1#1: start worker process 30
2024/08/07 23:22:25 [notice] 1#1: start worker process 31
2024/08/07 23:22:25 [notice] 1#1: start worker process 32
2024/08/08 00:31:14 [notice] 1#1: signal 3 (SIGQUIT) received, shutting down
2024/08/08 00:31:14 [notice] 30#30: gracefully shutting down
2024/08/08 00:31:14 [notice] 31#31: gracefully shutting down
2024/08/08 00:31:14 [notice] 29#29: gracefully shutting down
2024/08/08 00:31:14 [notice] 30#30: exiting
2024/08/08 00:31:14 [notice] 31#31: exiting
2024/08/08 00:31:14 [notice] 29#29: exiting
2024/08/08 00:31:14 [notice] 30#30: exit
2024/08/08 00:31:14 [notice] 31#31: exit
2024/08/08 00:31:14 [notice] 29#29: exit
2024/08/08 00:31:14 [notice] 32#32: gracefully shutting down
2024/08/08 00:31:14 [notice] 32#32: exiting
2024/08/08 00:31:14 [notice] 32#32: exit
2024/08/08 00:31:14 [notice] 1#1: signal 17 (SIGCHLD) received from 30
2024/08/08 00:31:14 [notice] 1#1: worker process 30 exited with code 0
2024/08/08 00:31:14 [notice] 1#1: signal 29 (SIGIO) received
2024/08/08 00:31:14 [notice] 1#1: signal 17 (SIGCHLD) received from 31
2024/08/08 00:31:14 [notice] 1#1: worker process 31 exited with code 0
2024/08/08 00:31:14 [notice] 1#1: signal 29 (SIGIO) received
2024/08/08 00:31:14 [notice] 1#1: signal 17 (SIGCHLD) received from 32
2024/08/08 00:31:14 [notice] 1#1: worker process 32 exited with code 0
2024/08/08 00:31:14 [notice] 1#1: signal 29 (SIGIO) received
2024/08/08 00:31:14 [notice] 1#1: signal 17 (SIGCHLD) received from 29
2024/08/08 00:31:14 [notice] 1#1: worker process 29 exited with code 0
2024/08/08 00:31:14 [notice] 1#1: exit
2024/08/08 00:32:45 [notice] 1#1: using the "epoll" event method
2024/08/08 00:32:45 [notice] 1#1: nginx/1.27.0
2024/08/08 00:32:45 [notice] 1#1: built by gcc 13.2.1 20231014 (Alpine 13.2.1_git20231014) 
2024/08/08 00:32:45 [notice] 1#1: OS: Linux 6.5.0-44-generic
2024/08/08 00:32:45 [notice] 1#1: getrlimit(RLIMIT_NOFILE): 1048576:1048576
2024/08/08 00:32:45 [notice] 1#1: start worker processes
2024/08/08 00:32:45 [notice] 1#1: start worker process 29
2024/08/08 00:32:45 [notice] 1#1: start worker process 30
2024/08/08 00:32:45 [notice] 1#1: start worker process 31
2024/08/08 00:32:45 [notice] 1#1: start worker process 32
2024/08/08 00:37:28 [notice] 1#1: signal 3 (SIGQUIT) received, shutting down
2024/08/08 00:37:28 [notice] 30#30: gracefully shutting down
2024/08/08 00:37:28 [notice] 30#30: exiting
2024/08/08 00:37:28 [notice] 31#31: gracefully shutting down
2024/08/08 00:37:28 [notice] 29#29: gracefully shutting down
2024/08/08 00:37:28 [notice] 31#31: exiting
2024/08/08 00:37:28 [notice] 29#29: exiting
2024/08/08 00:37:28 [notice] 30#30: exit
2024/08/08 00:37:28 [notice] 31#31: exit
2024/08/08 00:37:28 [notice] 29#29: exit
2024/08/08 00:37:28 [notice] 32#32: gracefully shutting down
2024/08/08 00:37:28 [notice] 32#32: exiting
2024/08/08 00:37:28 [notice] 32#32: exit
2024/08/08 00:37:28 [notice] 1#1: signal 17 (SIGCHLD) received from 31
2024/08/08 00:37:28 [notice] 1#1: worker process 31 exited with code 0
2024/08/08 00:37:28 [notice] 1#1: signal 29 (SIGIO) received
2024/08/08 00:37:28 [notice] 1#1: signal 17 (SIGCHLD) received from 30
2024/08/08 00:37:28 [notice] 1#1: worker process 30 exited with code 0
2024/08/08 00:37:28 [notice] 1#1: signal 29 (SIGIO) received
2024/08/08 00:37:28 [notice] 1#1: signal 17 (SIGCHLD) received from 32
2024/08/08 00:37:28 [notice] 1#1: worker process 32 exited with code 0
2024/08/08 00:37:28 [notice] 1#1: signal 29 (SIGIO) received
2024/08/08 00:37:28 [notice] 1#1: signal 17 (SIGCHLD) received from 29
2024/08/08 00:37:28 [notice] 1#1: worker process 29 exited with code 0
2024/08/08 00:37:28 [notice] 1#1: exit
2024/08/08 00:38:57 [notice] 1#1: using the "epoll" event method
2024/08/08 00:38:57 [notice] 1#1: nginx/1.27.0
2024/08/08 00:38:57 [notice] 1#1: built by gcc 13.2.1 20231014 (Alpine 13.2.1_git20231014) 
2024/08/08 00:38:57 [notice] 1#1: OS: Linux 6.5.0-44-generic
2024/08/08 00:38:57 [notice] 1#1: getrlimit(RLIMIT_NOFILE): 1048576:1048576
2024/08/08 00:38:57 [notice] 1#1: start worker processes
2024/08/08 00:38:57 [notice] 1#1: start worker process 29
2024/08/08 00:38:57 [notice] 1#1: start worker process 30
2024/08/08 00:38:57 [notice] 1#1: start worker process 31
2024/08/08 00:38:57 [notice] 1#1: start worker process 32
2024/08/08 00:42:51 [notice] 1#1: signal 3 (SIGQUIT) received, shutting down
2024/08/08 00:42:51 [notice] 31#31: gracefully shutting down
2024/08/08 00:42:51 [notice] 31#31: exiting
2024/08/08 00:42:51 [notice] 29#29: gracefully shutting down
2024/08/08 00:42:51 [notice] 29#29: exiting
2024/08/08 00:42:51 [notice] 29#29: exit
2024/08/08 00:42:51 [notice] 31#31: exit
2024/08/08 00:42:51 [notice] 30#30: gracefully shutting down
2024/08/08 00:42:51 [notice] 30#30: exiting
2024/08/08 00:42:51 [notice] 30#30: exit
2024/08/08 00:42:51 [notice] 32#32: gracefully shutting down
2024/08/08 00:42:51 [notice] 32#32: exiting
2024/08/08 00:42:51 [notice] 32#32: exit
2024/08/08 00:42:51 [notice] 1#1: signal 17 (SIGCHLD) received from 29
2024/08/08 00:42:51 [notice] 1#1: worker process 29 exited with code 0
2024/08/08 00:42:51 [notice] 1#1: signal 29 (SIGIO) received
2024/08/08 00:42:51 [notice] 1#1: signal 17 (SIGCHLD) received from 31
2024/08/08 00:42:51 [notice] 1#1: worker process 31 exited with code 0
2024/08/08 00:42:51 [notice] 1#1: signal 29 (SIGIO) received
2024/08/08 00:42:51 [notice] 1#1: signal 17 (SIGCHLD) received from 30
2024/08/08 00:42:51 [notice] 1#1: worker process 30 exited with code 0
2024/08/08 00:42:51 [notice] 1#1: worker process 32 exited with code 0
2024/08/08 00:42:51 [notice] 1#1: exit
2024/08/08 00:43:56 [notice] 1#1: using the "epoll" event method
2024/08/08 00:43:56 [notice] 1#1: nginx/1.27.0
2024/08/08 00:43:56 [notice] 1#1: built by gcc 13.2.1 20231014 (Alpine 13.2.1_git20231014) 
2024/08/08 00:43:56 [notice] 1#1: OS: Linux 6.5.0-44-generic
2024/08/08 00:43:56 [notice] 1#1: getrlimit(RLIMIT_NOFILE): 1048576:1048576
2024/08/08 00:43:56 [notice] 1#1: start worker processes
2024/08/08 00:43:56 [notice] 1#1: start worker process 28
2024/08/08 00:43:56 [notice] 1#1: start worker process 29
2024/08/08 00:43:56 [notice] 1#1: start worker process 30
2024/08/08 00:43:56 [notice] 1#1: start worker process 31
2024/08/08 01:49:11 [notice] 1#1: signal 3 (SIGQUIT) received, shutting down
2024/08/08 01:49:11 [notice] 31#31: gracefully shutting down
2024/08/08 01:49:11 [notice] 31#31: exiting
2024/08/08 01:49:11 [notice] 31#31: exit
2024/08/08 01:49:11 [notice] 30#30: gracefully shutting down
2024/08/08 01:49:11 [notice] 30#30: exiting
2024/08/08 01:49:11 [notice] 30#30: exit
2024/08/08 01:49:11 [notice] 28#28: gracefully shutting down
2024/08/08 01:49:11 [notice] 28#28: exiting
2024/08/08 01:49:11 [notice] 28#28: exit
2024/08/08 01:49:11 [notice] 29#29: gracefully shutting down
2024/08/08 01:49:11 [notice] 29#29: exiting
2024/08/08 01:49:11 [notice] 29#29: exit
2024/08/08 01:49:11 [notice] 1#1: signal 17 (SIGCHLD) received from 31
2024/08/08 01:49:11 [notice] 1#1: worker process 31 exited with code 0
2024/08/08 01:49:11 [notice] 1#1: signal 29 (SIGIO) received
2024/08/08 01:49:11 [notice] 1#1: signal 17 (SIGCHLD) received from 30
2024/08/08 01:49:11 [notice] 1#1: worker process 30 exited with code 0
2024/08/08 01:49:11 [notice] 1#1: signal 29 (SIGIO) received
2024/08/08 01:49:11 [notice] 1#1: signal 17 (SIGCHLD) received from 28
2024/08/08 01:49:11 [notice] 1#1: worker process 28 exited with code 0
2024/08/08 01:49:11 [notice] 1#1: signal 29 (SIGIO) received
2024/08/08 01:49:11 [notice] 1#1: signal 17 (SIGCHLD) received from 29
2024/08/08 01:49:11 [notice] 1#1: worker process 29 exited with code 0
2024/08/08 01:49:11 [notice] 1#1: exit
